Fri 19 Apr 23:42:43 BST 2019
Fri 19 Apr 23:52:00 BST 2019
Sat 20 Apr 00:00:06 BST 2019
Sat 20 Apr 01:00:06 BST 2019
Sat 20 Apr 02:00:06 BST 2019
Sat 20 Apr 03:00:07 BST 2019
Sat 20 Apr 04:00:06 BST 2019
Sat 20 Apr 05:00:06 BST 2019
Sat 20 Apr 06:00:06 BST 2019
Sat 20 Apr 07:00:07 BST 2019
Sat 20 Apr 08:00:07 BST 2019
Sat 20 Apr 09:00:04 BST 2019
Sat 20 Apr 10:00:04 BST 2019
Sat 20 Apr 11:00:04 BST 2019
Sat 20 Apr 12:00:04 BST 2019
Sat 20 Apr 13:00:05 BST 2019
Sat 20 Apr 14:00:04 BST 2019
Sat 20 Apr 15:00:04 BST 2019
Sat 20 Apr 16:00:04 BST 2019
Sat 20 Apr 17:00:05 BST 2019
Sat 20 Apr 18:00:05 BST 2019
Sat 20 Apr 19:00:05 BST 2019
Sat 20 Apr 20:00:05 BST 2019
Sat 20 Apr 21:00:05 BST 2019
Sat 20 Apr 22:00:05 BST 2019
Sat 20 Apr 23:00:05 BST 2019
Sun 21 Apr 00:00:05 BST 2019
Sun 21 Apr 01:00:05 BST 2019
Sun 21 Apr 02:00:05 BST 2019
Sun 21 Apr 03:00:05 BST 2019
Sun 21 Apr 04:00:05 BST 2019
Sun 21 Apr 05:00:06 BST 2019
Sun 21 Apr 06:00:06 BST 2019
Sun 21 Apr 07:00:06 BST 2019
Sun 21 Apr 08:00:06 BST 2019
Sun 21 Apr 09:00:07 BST 2019
Sun 21 Apr 10:00:06 BST 2019
Sun 21 Apr 11:00:05 BST 2019
Sun 21 Apr 12:00:06 BST 2019
Sun 21 Apr 13:00:06 BST 2019
Sun 21 Apr 14:00:06 BST 2019
Sun 21 Apr 15:00:06 BST 2019
Sun 21 Apr 16:00:06 BST 2019
Sun 21 Apr 17:00:06 BST 2019
Sun 21 Apr 18:00:03 BST 2019
Sun 21 Apr 19:00:04 BST 2019
Sun 21 Apr 20:00:04 BST 2019
Sun 21 Apr 21:00:04 BST 2019
Sun 21 Apr 22:00:04 BST 2019
Sun 21 Apr 23:00:04 BST 2019
Mon 22 Apr 00:00:05 BST 2019
Mon 22 Apr 01:00:05 BST 2019
Mon 22 Apr 02:00:04 BST 2019
Mon 22 Apr 03:00:04 BST 2019
Mon 22 Apr 04:00:04 BST 2019
Mon 22 Apr 05:00:05 BST 2019
Mon 22 Apr 06:00:04 BST 2019
Mon 22 Apr 07:00:05 BST 2019
Mon 22 Apr 08:00:05 BST 2019
Mon 22 Apr 09:00:05 BST 2019
Mon 22 Apr 10:00:05 BST 2019
Mon 22 Apr 11:00:05 BST 2019
Mon 22 Apr 12:00:05 BST 2019
Mon 22 Apr 13:00:05 BST 2019
Mon 22 Apr 14:00:07 BST 2019
Mon 22 Apr 15:00:06 BST 2019
Mon 22 Apr 16:00:07 BST 2019
Mon 22 Apr 17:00:06 BST 2019
Mon 22 Apr 18:00:06 BST 2019
Mon 22 Apr 19:00:06 BST 2019
Mon 22 Apr 20:00:06 BST 2019
Mon 22 Apr 21:00:06 BST 2019
Mon 22 Apr 22:00:07 BST 2019
Mon 22 Apr 23:00:06 BST 2019
Tue 23 Apr 00:00:06 BST 2019
Tue 23 Apr 01:00:06 BST 2019
Tue 23 Apr 02:00:06 BST 2019
Tue 23 Apr 03:00:07 BST 2019
Tue 23 Apr 04:00:07 BST 2019
Tue 23 Apr 05:00:06 BST 2019
Tue 23 Apr 06:00:04 BST 2019
Tue 23 Apr 07:00:04 BST 2019
Tue 23 Apr 08:00:04 BST 2019
Tue 23 Apr 09:00:04 BST 2019
Tue 23 Apr 10:00:04 BST 2019
Tue 23 Apr 11:00:05 BST 2019
Tue 23 Apr 12:00:04 BST 2019
Tue 23 Apr 13:00:04 BST 2019
Tue 23 Apr 14:00:05 BST 2019
Tue 23 Apr 15:00:06 BST 2019
Tue 23 Apr 16:00:05 BST 2019
Tue 23 Apr 17:00:05 BST 2019
Tue 23 Apr 18:00:05 BST 2019
Tue 23 Apr 19:00:05 BST 2019
Tue 23 Apr 20:00:05 BST 2019
Tue 23 Apr 21:00:06 BST 2019
Tue 23 Apr 22:00:05 BST 2019
Tue 23 Apr 23:00:06 BST 2019
Wed 24 Apr 00:00:05 BST 2019
Wed 24 Apr 01:00:06 BST 2019
Wed 24 Apr 02:00:06 BST 2019
Wed 24 Apr 03:00:06 BST 2019
Wed 24 Apr 04:00:06 BST 2019
Wed 24 Apr 05:00:06 BST 2019
Wed 24 Apr 06:00:07 BST 2019
Wed 24 Apr 07:00:06 BST 2019
Wed 24 Apr 08:00:06 BST 2019
Wed 24 Apr 09:00:08 BST 2019
Wed 24 Apr 10:00:07 BST 2019
Wed 24 Apr 11:00:07 BST 2019
Wed 24 Apr 12:00:06 BST 2019
Wed 24 Apr 13:00:06 BST 2019
Wed 24 Apr 14:00:04 BST 2019
Wed 24 Apr 15:00:05 BST 2019
Wed 24 Apr 16:00:04 BST 2019
Wed 24 Apr 17:00:05 BST 2019
Wed 24 Apr 18:00:04 BST 2019
Wed 24 Apr 19:00:05 BST 2019
Wed 24 Apr 20:00:05 BST 2019
Wed 24 Apr 21:00:05 BST 2019
Wed 24 Apr 22:00:05 BST 2019
Wed 24 Apr 23:00:05 BST 2019
Thu 25 Apr 00:00:06 BST 2019
Thu 25 Apr 01:00:05 BST 2019
Thu 25 Apr 02:00:05 BST 2019
Thu 25 Apr 03:00:05 BST 2019
Thu 25 Apr 04:00:06 BST 2019
Thu 25 Apr 05:00:05 BST 2019
Thu 25 Apr 06:00:06 BST 2019
Thu 25 Apr 07:00:06 BST 2019
Thu 25 Apr 08:00:05 BST 2019
Thu 25 Apr 09:00:07 BST 2019
Thu 25 Apr 10:00:06 BST 2019
Thu 25 Apr 11:00:06 BST 2019
Thu 25 Apr 12:00:07 BST 2019
Thu 25 Apr 13:00:07 BST 2019
Thu 25 Apr 14:00:07 BST 2019
Thu 25 Apr 15:00:06 BST 2019
Thu 25 Apr 16:00:07 BST 2019
Thu 25 Apr 17:00:07 BST 2019
Thu 25 Apr 18:00:08 BST 2019
Thu 25 Apr 19:00:07 BST 2019
Thu 25 Apr 20:00:07 BST 2019
Thu 25 Apr 21:00:07 BST 2019
Thu 25 Apr 22:00:06 BST 2019
Thu 25 Apr 23:00:06 BST 2019
Fri 26 Apr 00:00:03 BST 2019
Fri 26 Apr 01:00:04 BST 2019
Fri 26 Apr 02:00:04 BST 2019
Fri 26 Apr 03:00:04 BST 2019
Fri 26 Apr 04:00:04 BST 2019
Fri 26 Apr 05:00:04 BST 2019
Fri 26 Apr 06:00:04 BST 2019
Fri 26 Apr 07:00:04 BST 2019
Fri 26 Apr 08:00:04 BST 2019
Fri 26 Apr 09:00:05 BST 2019
Fri 26 Apr 10:00:06 BST 2019
Fri 26 Apr 11:00:05 BST 2019
Fri 26 Apr 12:00:05 BST 2019
Fri 26 Apr 14:00:05 BST 2019
Fri 26 Apr 16:00:06 BST 2019
Fri 26 Apr 18:00:06 BST 2019
Fri 26 Apr 20:00:05 BST 2019
Fri 26 Apr 22:00:05 BST 2019
Sat 27 Apr 00:00:07 BST 2019
Sat 27 Apr 02:00:06 BST 2019
Sat 27 Apr 04:00:06 BST 2019
Sat 27 Apr 06:00:06 BST 2019
Sat 27 Apr 08:00:06 BST 2019
Sat 27 Apr 10:00:06 BST 2019
Sat 27 Apr 12:00:06 BST 2019
Sat 27 Apr 14:00:06 BST 2019
Sat 27 Apr 16:00:04 BST 2019
Sat 27 Apr 18:00:04 BST 2019
Sat 27 Apr 20:00:04 BST 2019
Sat 27 Apr 22:00:04 BST 2019
Sun 28 Apr 00:00:04 BST 2019
Sun 28 Apr 02:00:05 BST 2019
Sun 28 Apr 04:00:05 BST 2019
Sun 28 Apr 06:00:05 BST 2019
Sun 28 Apr 08:00:05 BST 2019
Sun 28 Apr 10:00:05 BST 2019
Sun 28 Apr 12:00:05 BST 2019
Sun 28 Apr 14:00:06 BST 2019
Sun 28 Apr 16:00:06 BST 2019
Sun 28 Apr 18:00:05 BST 2019
Sun 28 Apr 20:00:06 BST 2019
Sun 28 Apr 22:00:06 BST 2019
Mon 29 Apr 00:00:06 BST 2019
Mon 29 Apr 02:00:06 BST 2019
Mon 29 Apr 04:00:07 BST 2019
Mon 29 Apr 06:00:04 BST 2019
Mon 29 Apr 08:00:04 BST 2019
Mon 29 Apr 10:00:04 BST 2019
Mon 29 Apr 12:00:05 BST 2019
Mon 29 Apr 14:00:05 BST 2019
Mon 29 Apr 16:00:05 BST 2019
Mon 29 Apr 18:00:04 BST 2019
Mon 29 Apr 20:00:05 BST 2019
Mon 29 Apr 22:00:05 BST 2019
Tue 30 Apr 00:00:06 BST 2019
Tue 30 Apr 02:00:05 BST 2019
Tue 30 Apr 04:00:06 BST 2019
Tue 30 Apr 06:00:06 BST 2019
Tue 30 Apr 08:00:05 BST 2019
Tue 30 Apr 10:00:06 BST 2019
Tue 30 Apr 12:00:06 BST 2019
Tue 30 Apr 14:00:07 BST 2019
